<?xml version="1.0" encoding="UTF-8"?><testsuite errors="1" failures="0" name="Simulacioncuota" skipped="0" tests="1" time="19.33" timestamp="2022-03-23 11:48:46"><testcase name="Verificar el funcionamiento de la pantalla de simulación de créditos"><error message="Arity mismatch: Step Definition 'co.com.choucair.certification.reto201.stepdefinitions.SimulacionCuotaStepDefinitions.ingresaLosDatosNecesariosParaSimularSuCredito() in file:/D:/nuevo/Proyectos%20Java%20Choucair/Reto_201/build/classes/java/test/' with pattern [^Ingresa los datos necesarios para simular su credito$] is declared with 0 parameters. However, the gherkin step has 1 arguments [Table:[[Que desea, Fecha, Tipo tasa, Producto, Plazo, Valor], [Simula tu Cuota, 1994-10-02, Tasa Fija, Libranza Proteccion, 24, 10000000]]]. &#10;Step text: Ingresa los datos necesarios para simular su credito" type="cucumber.runtime.CucumberException">Arity mismatch: Step Definition 'co.com.choucair.certification.reto201.stepdefinitions.SimulacionCuotaStepDefinitions.ingresaLosDatosNecesariosParaSimularSuCredito() in file:/D:/nuevo/Proyectos%20Java%20Choucair/Reto_201/build/classes/java/test/' with pattern [^Ingresa los datos necesarios para simular su credito$] is declared with 0 parameters. However, the gherkin step has 1 arguments [Table:[[Que desea, Fecha, Tipo tasa, Producto, Plazo, Valor], [Simula tu Cuota, 1994-10-02, Tasa Fija, Libranza Proteccion, 24, 10000000]]]. 
Step text: Ingresa los datos necesarios para simular su credito</error><system-err>Arity mismatch: Step Definition 'co.com.choucair.certification.reto201.stepdefinitions.SimulacionCuotaStepDefinitions.ingresaLosDatosNecesariosParaSimularSuCredito() in file:/D:/nuevo/Proyectos%20Java%20Choucair/Reto_201/build/classes/java/test/' with pattern [^Ingresa los datos necesarios para simular su credito$] is declared with 0 parameters. However, the gherkin step has 1 arguments [Table:[[Que desea, Fecha, Tipo tasa, Producto, Plazo, Valor], [Simula tu Cuota, 1994-10-02, Tasa Fija, Libranza Proteccion, 24, 10000000]]]. 
Step text: Ingresa los datos necesarios para simular su credito&#13;
cucumber.runner.Runner.runPickle(Runner.java:80)&#13;
</system-err></testcase></testsuite>